<?xml version="1.0" encoding="UTF-8"?>
<robot generator="Robot 3.1.1 (Python 3.7.2 on win32)" generated="20190619 10:22:31.843" rpa="false">
<suite id="s1" name="Cars" source="D:\Git\github\Rest_API_Testing_using_Robot_Framework\Rest_API_Testing_using_Robot_Framework\Data_Driven_BuiltIn\Tests\Cars.robot">
<test id="s1-t1" name="Invalid login scenarios should display correct error messages">
<kw name="Begin Web Test" library="Common" type="setup">
<kw name="Open Browser" library="SeleniumLibrary">
<doc>Opens a new browser instance to the given ``url``.</doc>
<arguments>
<arg>about:blank</arg>
<arg>${BROWSER}</arg>
</arguments>
<msg timestamp="20190619 10:22:31.991" level="INFO">Opening browser 'gc' to base url 'about:blank'.</msg>
<status status="PASS" starttime="20190619 10:22:31.991" endtime="20190619 10:22:34.055"></status>
</kw>
<status status="PASS" starttime="20190619 10:22:31.990" endtime="20190619 10:22:34.055"></status>
</kw>
<kw name="Test Multiple Login Scenarios" library="CarsApp">
<arguments>
<arg>${UNREGISTERED_USER}</arg>
</arguments>
<kw name="Navigate to Sign In Page" library="CarsApp">
<kw name="Navigate To" library="SignIn">
<kw name="Catenate" library="BuiltIn">
<doc>Catenates the given items together and returns the resulted string.</doc>
<arguments>
<arg>SEPARATOR=/</arg>
<arg>${BASE_URL.${ENVIRONMENT}}</arg>
<arg>${LOGIN_URL}</arg>
</arguments>
<assign>
<var>${SignInUrl}</var>
</assign>
<msg timestamp="20190619 10:22:34.056" level="INFO">${SignInUrl} = https://www.cars.com//profile/secure/login</msg>
<status status="PASS" starttime="20190619 10:22:34.056" endtime="20190619 10:22:34.056"></status>
</kw>
<kw name="Go To" library="SeleniumLibrary">
<doc>Navigates the active browser instance to the provided ``url``.</doc>
<arguments>
<arg>${SignInUrl}</arg>
</arguments>
<msg timestamp="20190619 10:22:34.057" level="INFO">Opening url 'https://www.cars.com//profile/secure/login'</msg>
<status status="PASS" starttime="20190619 10:22:34.057" endtime="20190619 10:22:36.503"></status>
</kw>
<status status="PASS" starttime="20190619 10:22:34.056" endtime="20190619 10:22:36.503"></status>
</kw>
<status status="PASS" starttime="20190619 10:22:34.056" endtime="20190619 10:22:36.503"></status>
</kw>
<kw name="Attempt Login" library="CarsApp">
<arguments>
<arg>${Credentials}</arg>
</arguments>
<kw name="Enter Credentials" library="SignIn">
<arguments>
<arg>${Credentials}</arg>
</arguments>
<kw name="Run Keyword Unless" library="BuiltIn">
<doc>Runs the given keyword with the given arguments if ``condition`` is false.</doc>
<arguments>
<arg>'${Credentials.Email}' == '#BLANK'</arg>
<arg>Input Text</arg>
<arg>${SIGN_IN_EMAIL}</arg>
<arg>${Credentials.Email}</arg>
</arguments>
<kw name="Input Text" library="SeleniumLibrary">
<doc>Types the given ``text`` into text field identified by ``locator``.</doc>
<arguments>
<arg>${SIGN_IN_EMAIL}</arg>
<arg>${Credentials.Email}</arg>
</arguments>
<msg timestamp="20190619 10:22:36.504" level="INFO">Typing text 'demo@demo.com' into text field '//input[@type='text']'.</msg>
<status status="PASS" starttime="20190619 10:22:36.504" endtime="20190619 10:22:36.853"></status>
</kw>
<status status="PASS" starttime="20190619 10:22:36.504" endtime="20190619 10:22:36.853"></status>
</kw>
<kw name="Run Keyword Unless" library="BuiltIn">
<doc>Runs the given keyword with the given arguments if ``condition`` is false.</doc>
<arguments>
<arg>'${Credentials.Password}' == '#BLANK'</arg>
<arg>Input Text</arg>
<arg>${SIGN_IN_PASSWORD}</arg>
<arg>${Credentials.Password}</arg>
</arguments>
<kw name="Input Text" library="SeleniumLibrary">
<doc>Types the given ``text`` into text field identified by ``locator``.</doc>
<arguments>
<arg>${SIGN_IN_PASSWORD}</arg>
<arg>${Credentials.Password}</arg>
</arguments>
<msg timestamp="20190619 10:22:36.854" level="INFO">Typing text 'TestPassword!' into text field '//div[@class='page-container']//input[2]'.</msg>
<status status="PASS" starttime="20190619 10:22:36.854" endtime="20190619 10:22:36.934"></status>
</kw>
<status status="PASS" starttime="20190619 10:22:36.853" endtime="20190619 10:22:36.934"></status>
</kw>
<status status="PASS" starttime="20190619 10:22:36.504" endtime="20190619 10:22:36.934"></status>
</kw>
<kw name="Click Submit" library="SignIn">
<kw name="Click Button" library="SeleniumLibrary">
<doc>Clicks button identified by ``locator``.</doc>
<arguments>
<arg>${LOGIN_SUBMIT_BUTTON}</arg>
</arguments>
<msg timestamp="20190619 10:22:36.935" level="INFO">Clicking button 'Log In'.</msg>
<status status="PASS" starttime="20190619 10:22:36.934" endtime="20190619 10:22:36.999"></status>
</kw>
<status status="PASS" starttime="20190619 10:22:36.934" endtime="20190619 10:22:36.999"></status>
</kw>
<kw name="Sleep" library="BuiltIn">
<doc>Pauses the test executed for the given time.</doc>
<arguments>
<arg>1s</arg>
</arguments>
<msg timestamp="20190619 10:22:38.000" level="INFO">Slept 1 second</msg>
<status status="PASS" starttime="20190619 10:22:36.999" endtime="20190619 10:22:38.000"></status>
</kw>
<status status="PASS" starttime="20190619 10:22:36.503" endtime="20190619 10:22:38.000"></status>
</kw>
<kw name="Verify Login Page Error Message" library="CarsApp">
<arguments>
<arg>${Credentials.ExpectedErrorMessage}</arg>
</arguments>
<kw name="Verify Error Message" library="SignIn">
<arguments>
<arg>${ExpectedErrorMessage}</arg>
</arguments>
<kw name="Page Should Contain" library="SeleniumLibrary">
<doc>Verifies that current page contains ``text``.</doc>
<arguments>
<arg>${ExpectedErrorMessage}</arg>
</arguments>
<msg timestamp="20190619 10:22:38.016" level="INFO">Current page contains text 'You haven't signed up yet.'.</msg>
<status status="PASS" starttime="20190619 10:22:38.000" endtime="20190619 10:22:38.016"></status>
</kw>
<status status="PASS" starttime="20190619 10:22:38.000" endtime="20190619 10:22:38.016"></status>
</kw>
<status status="PASS" starttime="20190619 10:22:38.000" endtime="20190619 10:22:38.016"></status>
</kw>
<status status="PASS" starttime="20190619 10:22:34.055" endtime="20190619 10:22:38.016"></status>
</kw>
<kw name="Test Multiple Login Scenarios" library="CarsApp">
<arguments>
<arg>${INVALID_PASSWORD_USER}</arg>
</arguments>
<kw name="Navigate to Sign In Page" library="CarsApp">
<kw name="Navigate To" library="SignIn">
<kw name="Catenate" library="BuiltIn">
<doc>Catenates the given items together and returns the resulted string.</doc>
<arguments>
<arg>SEPARATOR=/</arg>
<arg>${BASE_URL.${ENVIRONMENT}}</arg>
<arg>${LOGIN_URL}</arg>
</arguments>
<assign>
<var>${SignInUrl}</var>
</assign>
<msg timestamp="20190619 10:22:38.017" level="INFO">${SignInUrl} = https://www.cars.com//profile/secure/login</msg>
<status status="PASS" starttime="20190619 10:22:38.017" endtime="20190619 10:22:38.017"></status>
</kw>
<kw name="Go To" library="SeleniumLibrary">
<doc>Navigates the active browser instance to the provided ``url``.</doc>
<arguments>
<arg>${SignInUrl}</arg>
</arguments>
<msg timestamp="20190619 10:22:38.018" level="INFO">Opening url 'https://www.cars.com//profile/secure/login'</msg>
<status status="PASS" starttime="20190619 10:22:38.018" endtime="20190619 10:22:38.739"></status>
</kw>
<status status="PASS" starttime="20190619 10:22:38.017" endtime="20190619 10:22:38.740"></status>
</kw>
<status status="PASS" starttime="20190619 10:22:38.017" endtime="20190619 10:22:38.740"></status>
</kw>
<kw name="Attempt Login" library="CarsApp">
<arguments>
<arg>${Credentials}</arg>
</arguments>
<kw name="Enter Credentials" library="SignIn">
<arguments>
<arg>${Credentials}</arg>
</arguments>
<kw name="Run Keyword Unless" library="BuiltIn">
<doc>Runs the given keyword with the given arguments if ``condition`` is false.</doc>
<arguments>
<arg>'${Credentials.Email}' == '#BLANK'</arg>
<arg>Input Text</arg>
<arg>${SIGN_IN_EMAIL}</arg>
<arg>${Credentials.Email}</arg>
</arguments>
<kw name="Input Text" library="SeleniumLibrary">
<doc>Types the given ``text`` into text field identified by ``locator``.</doc>
<arguments>
<arg>${SIGN_IN_EMAIL}</arg>
<arg>${Credentials.Email}</arg>
</arguments>
<msg timestamp="20190619 10:22:38.741" level="INFO">Typing text 'demo@demo.com' into text field '//input[@type='text']'.</msg>
<status status="PASS" starttime="20190619 10:22:38.741" endtime="20190619 10:22:38.827"></status>
</kw>
<status status="PASS" starttime="20190619 10:22:38.740" endtime="20190619 10:22:38.827"></status>
</kw>
<kw name="Run Keyword Unless" library="BuiltIn">
<doc>Runs the given keyword with the given arguments if ``condition`` is false.</doc>
<arguments>
<arg>'${Credentials.Password}' == '#BLANK'</arg>
<arg>Input Text</arg>
<arg>${SIGN_IN_PASSWORD}</arg>
<arg>${Credentials.Password}</arg>
</arguments>
<kw name="Input Text" library="SeleniumLibrary">
<doc>Types the given ``text`` into text field identified by ``locator``.</doc>
<arguments>
<arg>${SIGN_IN_PASSWORD}</arg>
<arg>${Credentials.Password}</arg>
</arguments>
<msg timestamp="20190619 10:22:38.828" level="INFO">Typing text 'a' into text field '//div[@class='page-container']//input[2]'.</msg>
<status status="PASS" starttime="20190619 10:22:38.827" endtime="20190619 10:22:38.884"></status>
</kw>
<status status="PASS" starttime="20190619 10:22:38.827" endtime="20190619 10:22:38.884"></status>
</kw>
<status status="PASS" starttime="20190619 10:22:38.740" endtime="20190619 10:22:38.884"></status>
</kw>
<kw name="Click Submit" library="SignIn">
<kw name="Click Button" library="SeleniumLibrary">
<doc>Clicks button identified by ``locator``.</doc>
<arguments>
<arg>${LOGIN_SUBMIT_BUTTON}</arg>
</arguments>
<msg timestamp="20190619 10:22:38.885" level="INFO">Clicking button 'Log In'.</msg>
<status status="PASS" starttime="20190619 10:22:38.885" endtime="20190619 10:22:38.979"></status>
</kw>
<status status="PASS" starttime="20190619 10:22:38.884" endtime="20190619 10:22:38.980"></status>
</kw>
<kw name="Sleep" library="BuiltIn">
<doc>Pauses the test executed for the given time.</doc>
<arguments>
<arg>1s</arg>
</arguments>
<msg timestamp="20190619 10:22:39.981" level="INFO">Slept 1 second</msg>
<status status="PASS" starttime="20190619 10:22:38.980" endtime="20190619 10:22:39.981"></status>
</kw>
<status status="PASS" starttime="20190619 10:22:38.740" endtime="20190619 10:22:39.981"></status>
</kw>
<kw name="Verify Login Page Error Message" library="CarsApp">
<arguments>
<arg>${Credentials.ExpectedErrorMessage}</arg>
</arguments>
<kw name="Verify Error Message" library="SignIn">
<arguments>
<arg>${ExpectedErrorMessage}</arg>
</arguments>
<kw name="Page Should Contain" library="SeleniumLibrary">
<doc>Verifies that current page contains ``text``.</doc>
<arguments>
<arg>${ExpectedErrorMessage}</arg>
</arguments>
<msg timestamp="20190619 10:22:39.994" level="INFO">Current page contains text 'Please double check your password.'.</msg>
<status status="PASS" starttime="20190619 10:22:39.982" endtime="20190619 10:22:39.994"></status>
</kw>
<status status="PASS" starttime="20190619 10:22:39.981" endtime="20190619 10:22:39.994"></status>
</kw>
<status status="PASS" starttime="20190619 10:22:39.981" endtime="20190619 10:22:39.994"></status>
</kw>
<status status="PASS" starttime="20190619 10:22:38.017" endtime="20190619 10:22:39.994"></status>
</kw>
<kw name="Test Multiple Login Scenarios" library="CarsApp">
<arguments>
<arg>${BLANK_CREDENTIALS_USER}</arg>
</arguments>
<kw name="Navigate to Sign In Page" library="CarsApp">
<kw name="Navigate To" library="SignIn">
<kw name="Catenate" library="BuiltIn">
<doc>Catenates the given items together and returns the resulted string.</doc>
<arguments>
<arg>SEPARATOR=/</arg>
<arg>${BASE_URL.${ENVIRONMENT}}</arg>
<arg>${LOGIN_URL}</arg>
</arguments>
<assign>
<var>${SignInUrl}</var>
</assign>
<msg timestamp="20190619 10:22:39.996" level="INFO">${SignInUrl} = https://www.cars.com//profile/secure/login</msg>
<status status="PASS" starttime="20190619 10:22:39.996" endtime="20190619 10:22:39.996"></status>
</kw>
<kw name="Go To" library="SeleniumLibrary">
<doc>Navigates the active browser instance to the provided ``url``.</doc>
<arguments>
<arg>${SignInUrl}</arg>
</arguments>
<msg timestamp="20190619 10:22:39.996" level="INFO">Opening url 'https://www.cars.com//profile/secure/login'</msg>
<status status="PASS" starttime="20190619 10:22:39.996" endtime="20190619 10:22:40.765"></status>
</kw>
<status status="PASS" starttime="20190619 10:22:39.995" endtime="20190619 10:22:40.765"></status>
</kw>
<status status="PASS" starttime="20190619 10:22:39.995" endtime="20190619 10:22:40.765"></status>
</kw>
<kw name="Attempt Login" library="CarsApp">
<arguments>
<arg>${Credentials}</arg>
</arguments>
<kw name="Enter Credentials" library="SignIn">
<arguments>
<arg>${Credentials}</arg>
</arguments>
<kw name="Run Keyword Unless" library="BuiltIn">
<doc>Runs the given keyword with the given arguments if ``condition`` is false.</doc>
<arguments>
<arg>'${Credentials.Email}' == '#BLANK'</arg>
<arg>Input Text</arg>
<arg>${SIGN_IN_EMAIL}</arg>
<arg>${Credentials.Email}</arg>
</arguments>
<status status="PASS" starttime="20190619 10:22:40.766" endtime="20190619 10:22:40.766"></status>
</kw>
<kw name="Run Keyword Unless" library="BuiltIn">
<doc>Runs the given keyword with the given arguments if ``condition`` is false.</doc>
<arguments>
<arg>'${Credentials.Password}' == '#BLANK'</arg>
<arg>Input Text</arg>
<arg>${SIGN_IN_PASSWORD}</arg>
<arg>${Credentials.Password}</arg>
</arguments>
<status status="PASS" starttime="20190619 10:22:40.766" endtime="20190619 10:22:40.767"></status>
</kw>
<status status="PASS" starttime="20190619 10:22:40.766" endtime="20190619 10:22:40.767"></status>
</kw>
<kw name="Click Submit" library="SignIn">
<kw name="Click Button" library="SeleniumLibrary">
<doc>Clicks button identified by ``locator``.</doc>
<arguments>
<arg>${LOGIN_SUBMIT_BUTTON}</arg>
</arguments>
<msg timestamp="20190619 10:22:40.767" level="INFO">Clicking button 'Log In'.</msg>
<status status="PASS" starttime="20190619 10:22:40.767" endtime="20190619 10:22:40.845"></status>
</kw>
<status status="PASS" starttime="20190619 10:22:40.767" endtime="20190619 10:22:40.845"></status>
</kw>
<kw name="Sleep" library="BuiltIn">
<doc>Pauses the test executed for the given time.</doc>
<arguments>
<arg>1s</arg>
</arguments>
<msg timestamp="20190619 10:22:41.846" level="INFO">Slept 1 second</msg>
<status status="PASS" starttime="20190619 10:22:40.845" endtime="20190619 10:22:41.846"></status>
</kw>
<status status="PASS" starttime="20190619 10:22:40.765" endtime="20190619 10:22:41.846"></status>
</kw>
<kw name="Verify Login Page Error Message" library="CarsApp">
<arguments>
<arg>${Credentials.ExpectedErrorMessage}</arg>
</arguments>
<kw name="Verify Error Message" library="SignIn">
<arguments>
<arg>${ExpectedErrorMessage}</arg>
</arguments>
<kw name="Page Should Contain" library="SeleniumLibrary">
<doc>Verifies that current page contains ``text``.</doc>
<arguments>
<arg>${ExpectedErrorMessage}</arg>
</arguments>
<msg timestamp="20190619 10:22:41.861" level="INFO">Current page contains text 'Please enter your email address and password.'.</msg>
<status status="PASS" starttime="20190619 10:22:41.847" endtime="20190619 10:22:41.861"></status>
</kw>
<status status="PASS" starttime="20190619 10:22:41.847" endtime="20190619 10:22:41.861"></status>
</kw>
<status status="PASS" starttime="20190619 10:22:41.846" endtime="20190619 10:22:41.861"></status>
</kw>
<status status="PASS" starttime="20190619 10:22:39.995" endtime="20190619 10:22:41.861"></status>
</kw>
<kw name="End Web Test" library="Common" type="teardown">
<kw name="Close All Browsers" library="SeleniumLibrary">
<doc>Closes all open browsers and resets the browser cache.</doc>
<status status="PASS" starttime="20190619 10:22:41.862" endtime="20190619 10:22:43.954"></status>
</kw>
<status status="PASS" starttime="20190619 10:22:41.861" endtime="20190619 10:22:43.954"></status>
</kw>
<status status="PASS" starttime="20190619 10:22:31.990" endtime="20190619 10:22:43.954" critical="yes"></status>
</test>
<doc>Demonstrate a need for data-driven testing</doc>
<status status="PASS" starttime="20190619 10:22:31.844" endtime="20190619 10:22:43.956"></status>
</suite>
<statistics>
<total>
<stat pass="1" fail="0">Critical Tests</stat>
<stat pass="1" fail="0">All Tests</stat>
</total>
<tag>
</tag>
<suite>
<stat pass="1" fail="0" id="s1" name="Cars">Cars</stat>
</suite>
</statistics>
<errors>
</errors>
</robot>
