<?xml version="1.0" encoding="UTF-8"?>
<robot generator="Robot 3.1.1 (Python 3.7.2 on win32)" generated="20190607 12:49:08.775" rpa="false">
<suite id="s1" name="Get request specific student" source="D:\Git\github\Rest_API_Testing_using_Robot_Framework\Rest_API_Testing_using_Robot_Framework\Get_request\Tests\Get_request_specific_student.robot">
<test id="s1-t1" name="Get request for specific student">
<kw name="Create Session" library="RequestsLibrary">
<doc>Create Session: create a HTTP session to a server</doc>
<arguments>
<arg>fetch_data</arg>
<arg>${base_url}</arg>
</arguments>
<msg timestamp="20190607 12:49:08.950" level="INFO">Creating Session using : alias=fetch_data, url=http://thetestingworldapi.com/, headers={},                     cookies=None, auth=None, timeout=None, proxies=None, verify=False,                     debug=0 </msg>
<status status="PASS" starttime="20190607 12:49:08.949" endtime="20190607 12:49:08.950"></status>
</kw>
<kw name="Get Request" library="RequestsLibrary">
<doc>Send a GET request on the session object found using the
given `alias`</doc>
<arguments>
<arg>fetch_data</arg>
<arg>${uri}${student_id}</arg>
</arguments>
<assign>
<var>${response}</var>
</assign>
<msg timestamp="20190607 12:49:11.116" level="INFO">Get Request using : alias=fetch_data, uri=api/studentsDetails/28, headers=None json=None</msg>
<msg timestamp="20190607 12:49:11.116" level="INFO">${response} = &lt;Response [200]&gt;</msg>
<status status="PASS" starttime="20190607 12:49:08.950" endtime="20190607 12:49:11.116"></status>
</kw>
<kw name="Log" library="BuiltIn">
<doc>Logs the given message with the given level.</doc>
<arguments>
<arg>${response.status_code}</arg>
</arguments>
<msg timestamp="20190607 12:49:11.117" level="INFO">200</msg>
<status status="PASS" starttime="20190607 12:49:11.116" endtime="20190607 12:49:11.117"></status>
</kw>
<kw name="Log" library="BuiltIn">
<doc>Logs the given message with the given level.</doc>
<arguments>
<arg>${response.content}</arg>
</arguments>
<msg timestamp="20190607 12:49:11.117" level="INFO">{"status":"false","msg":"No data Found"}</msg>
<status status="PASS" starttime="20190607 12:49:11.117" endtime="20190607 12:49:11.117"></status>
</kw>
<status status="PASS" starttime="20190607 12:49:08.949" endtime="20190607 12:49:11.118" critical="yes"></status>
</test>
<status status="PASS" starttime="20190607 12:49:08.777" endtime="20190607 12:49:11.118"></status>
</suite>
<statistics>
<total>
<stat pass="1" fail="0">Critical Tests</stat>
<stat pass="1" fail="0">All Tests</stat>
</total>
<tag>
</tag>
<suite>
<stat pass="1" fail="0" id="s1" name="Get request specific student">Get request specific student</stat>
</suite>
</statistics>
<errors>
</errors>
</robot>
