<?xml version="1.0" encoding="UTF-8"?>
<robot generator="Robot 3.1.2 (Python 3.7.3 on win32)" generated="20190610 17:05:18.216" rpa="false">
<suite id="s1" name="Tests" source="C:\Users\ryynapet\git\Rest_API_Testing_using_Robot_Framework\Rest_API_Testing_using_Robot_Framework\REST_API_Testing\Tests">
<suite id="s1-s1" name="Delete request" source="C:\Users\ryynapet\git\Rest_API_Testing_using_Robot_Framework\Rest_API_Testing_using_Robot_Framework\REST_API_Testing\Tests\Delete_request.robot">
<test id="s1-s1-t1" name="Validate DELETE Request">
<kw name="Create connection">
<kw name="Create Session" library="RequestsLibrary">
<doc>Create Session: create a HTTP session to a server</doc>
<arguments>
<arg>session</arg>
<arg>${BASE_URL}</arg>
</arguments>
<msg timestamp="20190610 17:05:18.456" level="INFO">Creating Session using : alias=session, url=https://reqres.in, headers={},                     cookies=None, auth=None, timeout=None, proxies=None, verify=False,                     debug=0 </msg>
<status status="PASS" starttime="20190610 17:05:18.455" endtime="20190610 17:05:18.456"></status>
</kw>
<status status="PASS" starttime="20190610 17:05:18.455" endtime="20190610 17:05:18.456"></status>
</kw>
<kw name="Send request and validate status code">
<kw name="Delete Request" library="RequestsLibrary">
<doc>Send a DELETE request on the session object found using the
given `alias`</doc>
<arguments>
<arg>session</arg>
<arg>${DELETE_URI}</arg>
</arguments>
<assign>
<var>${response}</var>
</assign>
<msg timestamp="20190610 17:05:18.596" level="INFO">Delete Request using : alias=session, uri=/api/users/2, data=None,                     headers=None, allow_redirects=True </msg>
<msg timestamp="20190610 17:05:18.596" level="INFO">c:\users\ryynapet\appdata\local\programs\python\python37-32\lib\site-packages\urllib3\connectionpool.py:847: InsecureRequestWarning: Unverified HTTPS request is being made. Adding certificate verification is strongly advised. See: https://urllib3.readthedocs.io/en/latest/advanced-usage.html#ssl-warnings
  InsecureRequestWarning)</msg>
<msg timestamp="20190610 17:05:18.597" level="INFO">${response} = &lt;Response [204]&gt;</msg>
<status status="PASS" starttime="20190610 17:05:18.456" endtime="20190610 17:05:18.597"></status>
</kw>
<kw name="Convert To String" library="BuiltIn">
<doc>Converts the given item to a Unicode string.</doc>
<arguments>
<arg>${response.status_code}</arg>
</arguments>
<assign>
<var>${code}</var>
</assign>
<msg timestamp="20190610 17:05:18.597" level="INFO">${code} = 204</msg>
<status status="PASS" starttime="20190610 17:05:18.597" endtime="20190610 17:05:18.597"></status>
</kw>
<kw name="Should Be Equal" library="BuiltIn">
<doc>Fails if the given objects are unequal.</doc>
<arguments>
<arg>${code}</arg>
<arg>204</arg>
</arguments>
<status status="PASS" starttime="20190610 17:05:18.597" endtime="20190610 17:05:18.598"></status>
</kw>
<kw name="Log" library="BuiltIn">
<doc>Logs the given message with the given level.</doc>
<arguments>
<arg>${response.content}</arg>
</arguments>
<msg timestamp="20190610 17:05:18.598" level="INFO"></msg>
<status status="PASS" starttime="20190610 17:05:18.598" endtime="20190610 17:05:18.598"></status>
</kw>
<status status="PASS" starttime="20190610 17:05:18.456" endtime="20190610 17:05:18.598"></status>
</kw>
<status status="PASS" starttime="20190610 17:05:18.455" endtime="20190610 17:05:18.600" critical="yes"></status>
</test>
<status status="PASS" starttime="20190610 17:05:18.240" endtime="20190610 17:05:18.601"></status>
</suite>
<suite id="s1-s2" name="Get request" source="C:\Users\ryynapet\git\Rest_API_Testing_using_Robot_Framework\Rest_API_Testing_using_Robot_Framework\REST_API_Testing\Tests\Get_request.robot">
<test id="s1-s2-t1" name="Validate GET Request">
<kw name="Create connection">
<kw name="Create Session" library="RequestsLibrary">
<doc>Create Session: create a HTTP session to a server</doc>
<arguments>
<arg>session</arg>
<arg>${BASE_URL}</arg>
</arguments>
<msg timestamp="20190610 17:05:18.617" level="INFO">Creating Session using : alias=session, url=https://reqres.in, headers={},                     cookies=None, auth=None, timeout=None, proxies=None, verify=False,                     debug=0 </msg>
<status status="PASS" starttime="20190610 17:05:18.617" endtime="20190610 17:05:18.617"></status>
</kw>
<status status="PASS" starttime="20190610 17:05:18.617" endtime="20190610 17:05:18.618"></status>
</kw>
<kw name="Send request and validate status code">
<kw name="Get Request" library="RequestsLibrary">
<doc>Send a GET request on the session object found using the
given `alias`</doc>
<arguments>
<arg>session</arg>
<arg>${GET_USERS_URI}</arg>
</arguments>
<assign>
<var>${response}</var>
</assign>
<msg timestamp="20190610 17:05:18.693" level="INFO">Get Request using : alias=session, uri=/api/users?page=2, headers=None json=None</msg>
<msg timestamp="20190610 17:05:18.693" level="INFO">c:\users\ryynapet\appdata\local\programs\python\python37-32\lib\site-packages\urllib3\connectionpool.py:847: InsecureRequestWarning: Unverified HTTPS request is being made. Adding certificate verification is strongly advised. See: https://urllib3.readthedocs.io/en/latest/advanced-usage.html#ssl-warnings
  InsecureRequestWarning)</msg>
<msg timestamp="20190610 17:05:18.694" level="INFO">${response} = &lt;Response [200]&gt;</msg>
<status status="PASS" starttime="20190610 17:05:18.618" endtime="20190610 17:05:18.694"></status>
</kw>
<kw name="Log" library="BuiltIn">
<doc>Logs the given message with the given level.</doc>
<arguments>
<arg>${response.status_code}</arg>
</arguments>
<msg timestamp="20190610 17:05:18.695" level="INFO">200</msg>
<status status="PASS" starttime="20190610 17:05:18.695" endtime="20190610 17:05:18.695"></status>
</kw>
<kw name="Log" library="BuiltIn">
<doc>Logs the given message with the given level.</doc>
<arguments>
<arg>${response.content}</arg>
</arguments>
<msg timestamp="20190610 17:05:18.695" level="INFO">{"page":2,"per_page":3,"total":12,"total_pages":4,"data":[{"id":4,"email":"eve.holt@reqres.in","first_name":"Eve","last_name":"Holt","avatar":"https://s3.amazonaws.com/uifaces/faces/twitter/marcoramires/128.jpg"},{"id":5,"email":"charles.morris@reqres.in","first_name":"Charles","last_name":"Morris","avatar":"https://s3.amazonaws.com/uifaces/faces/twitter/stephenmoon/128.jpg"},{"id":6,"email":"tracey.ramos@reqres.in","first_name":"Tracey","last_name":"Ramos","avatar":"https://s3.amazonaws.com/uifaces/faces/twitter/bigmancho/128.jpg"}]}</msg>
<status status="PASS" starttime="20190610 17:05:18.695" endtime="20190610 17:05:18.695"></status>
</kw>
<kw name="Should Be Equal As Strings" library="BuiltIn">
<doc>Fails if objects are unequal after converting them to strings.</doc>
<arguments>
<arg>${response.status_code}</arg>
<arg>200</arg>
</arguments>
<msg timestamp="20190610 17:05:18.696" level="INFO">Argument types are:
&lt;class 'int'&gt;
&lt;type 'unicode'&gt;</msg>
<status status="PASS" starttime="20190610 17:05:18.695" endtime="20190610 17:05:18.696"></status>
</kw>
<kw name="Set Suite Variable" library="BuiltIn">
<doc>Makes a variable available everywhere within the scope of the current suite.</doc>
<arguments>
<arg>${response}</arg>
<arg>${response}</arg>
</arguments>
<msg timestamp="20190610 17:05:18.696" level="INFO">${response} = &lt;Response [200]&gt;</msg>
<status status="PASS" starttime="20190610 17:05:18.696" endtime="20190610 17:05:18.696"></status>
</kw>
<status status="PASS" starttime="20190610 17:05:18.618" endtime="20190610 17:05:18.696"></status>
</kw>
<kw name="Save response to file">
<kw name="To Json" library="RequestsLibrary">
<doc>Convert a string to a JSON object</doc>
<arguments>
<arg>${response.text}</arg>
<arg>true</arg>
</arguments>
<assign>
<var>${pretty_printed_response}</var>
</assign>
<msg timestamp="20190610 17:05:18.697" level="INFO">To JSON using : content={"page":2,"per_page":3,"total":12,"total_pages":4,"data":[{"id":4,"email":"eve.holt@reqres.in","first_name":"Eve","last_name":"Holt","avatar":"https://s3.amazonaws.com/uifaces/faces/twitter/marcoramires/128.jpg"},{"id":5,"email":"charles.morris@reqres.in","first_name":"Charles","last_name":"Morris","avatar":"https://s3.amazonaws.com/uifaces/faces/twitter/stephenmoon/128.jpg"},{"id":6,"email":"tracey.ramos@reqres.in","first_name":"Tracey","last_name":"Ramos","avatar":"https://s3.amazonaws.com/uifaces/faces/twitter/bigmancho/128.jpg"}]} </msg>
<msg timestamp="20190610 17:05:18.697" level="INFO">To JSON using : pretty_print=True </msg>
<msg timestamp="20190610 17:05:18.697" level="INFO">${pretty_printed_response} = {
    "data": [
        {
            "avatar": "https://s3.amazonaws.com/uifaces/faces/twitter/marcoramires/128.jpg",
            "email": "eve.holt@reqres.in",
            "first_name": "Eve",
     ...</msg>
<status status="PASS" starttime="20190610 17:05:18.697" endtime="20190610 17:05:18.697"></status>
</kw>
<kw name="Create Binary File" library="OperatingSystem">
<doc>Creates a binary file with the given content.</doc>
<arguments>
<arg>${RESPONSES_FOLDER}/${response_file}</arg>
<arg>${pretty_printed_response}</arg>
</arguments>
<msg timestamp="20190610 17:05:18.698" level="INFO" html="yes">Created binary file '&lt;a href="file://C:\Users\ryynapet\git\Rest_API_Testing_using_Robot_Framework\Rest_API_Testing_using_Robot_Framework\REST_API_Testing\Responses\get_response.json"&gt;C:\Users\ryynapet\git\Rest_API_Testing_using_Robot_Framework\Rest_API_Testing_using_Robot_Framework\REST_API_Testing\Responses\get_response.json&lt;/a&gt;'.</msg>
<status status="PASS" starttime="20190610 17:05:18.698" endtime="20190610 17:05:18.699"></status>
</kw>
<status status="PASS" starttime="20190610 17:05:18.697" endtime="20190610 17:05:18.699"></status>
</kw>
<kw name="Validate response">
<kw name="Get File" library="OperatingSystem">
<doc>Returns the contents of a specified file.</doc>
<arguments>
<arg>${RESPONSES_FOLDER}/${response_file}</arg>
<arg>encoding=UTF-8</arg>
</arguments>
<assign>
<var>${response}</var>
</assign>
<msg timestamp="20190610 17:05:18.699" level="INFO" html="yes">Getting file '&lt;a href="file://C:\Users\ryynapet\git\Rest_API_Testing_using_Robot_Framework\Rest_API_Testing_using_Robot_Framework\REST_API_Testing\Responses\get_response.json"&gt;C:\Users\ryynapet\git\Rest_API_Testing_using_Robot_Framework\Rest_API_Testing_using_Robot_Framework\REST_API_Testing\Responses\get_response.json&lt;/a&gt;'.</msg>
<msg timestamp="20190610 17:05:18.700" level="INFO">${response} = {
    "data": [
        {
            "avatar": "https://s3.amazonaws.com/uifaces/faces/twitter/marcoramires/128.jpg",
            "email": "eve.holt@reqres.in",
            "first_name": "Eve",
     ...</msg>
<status status="PASS" starttime="20190610 17:05:18.699" endtime="20190610 17:05:18.700"></status>
</kw>
<kw name="Get File" library="OperatingSystem">
<doc>Returns the contents of a specified file.</doc>
<arguments>
<arg>${EXPECTED_FOLDER}/${expected_file}</arg>
<arg>encoding=UTF-8</arg>
</arguments>
<assign>
<var>${expected}</var>
</assign>
<msg timestamp="20190610 17:05:18.700" level="INFO" html="yes">Getting file '&lt;a href="file://C:\Users\ryynapet\git\Rest_API_Testing_using_Robot_Framework\Rest_API_Testing_using_Robot_Framework\REST_API_Testing\Expected\expected_response.json"&gt;C:\Users\ryynapet\git\Rest_API_Testing_using_Robot_Framework\Rest_API_Testing_using_Robot_Framework\REST_API_Testing\Expected\expected_response.json&lt;/a&gt;'.</msg>
<msg timestamp="20190610 17:05:18.700" level="INFO">${expected} = {
    "data": [
        {
            "avatar": "https://s3.amazonaws.com/uifaces/faces/twitter/marcoramires/128.jpg",
            "email": "eve.holt@reqres.in",
            "first_name": "Eve",
     ...</msg>
<status status="PASS" starttime="20190610 17:05:18.700" endtime="20190610 17:05:18.700"></status>
</kw>
<kw name="Diff Outputs" library="DiffLibrary">
<doc>Diff between target and source texts</doc>
<arguments>
<arg>${response}</arg>
<arg>${expected}</arg>
</arguments>
<msg timestamp="20190610 17:05:18.705" level="INFO">file1: C:\Users\ryynapet\AppData\Local\Temp\tmpfh6kigyx.txt</msg>
<msg timestamp="20190610 17:05:18.705" level="INFO">file2: C:\Users\ryynapet\AppData\Local\Temp\tmpkfc7h7rx.txt</msg>
<msg timestamp="20190610 17:05:18.705" level="INFO">c:\users\ryynapet\appdata\local\programs\python\python37-32\lib\site-packages\DiffLibrary\bin\diff\diff.exe --strip-trailing-cr  "C:\Users\ryynapet\AppData\Local\Temp\tmpfh6kigyx.txt" "C:\Users\ryynapet\AppData\Local\Temp\tmpkfc7h7rx.txt"</msg>
<status status="PASS" starttime="20190610 17:05:18.700" endtime="20190610 17:05:18.758"></status>
</kw>
<status status="PASS" starttime="20190610 17:05:18.699" endtime="20190610 17:05:18.758"></status>
</kw>
<status status="PASS" starttime="20190610 17:05:18.616" endtime="20190610 17:05:18.760" critical="yes"></status>
</test>
<status status="PASS" starttime="20190610 17:05:18.602" endtime="20190610 17:05:18.760"></status>
</suite>
<suite id="s1-s3" name="Get request specific person" source="C:\Users\ryynapet\git\Rest_API_Testing_using_Robot_Framework\Rest_API_Testing_using_Robot_Framework\REST_API_Testing\Tests\Get_request_specific_person.robot">
<test id="s1-s3-t1" name="Validate GET Request for specific person">
<kw name="Create connection">
<kw name="Create Session" library="RequestsLibrary">
<doc>Create Session: create a HTTP session to a server</doc>
<arguments>
<arg>session</arg>
<arg>${BASE_URL}</arg>
</arguments>
<msg timestamp="20190610 17:05:18.766" level="INFO">Creating Session using : alias=session, url=https://reqres.in, headers={},                     cookies=None, auth=None, timeout=None, proxies=None, verify=False,                     debug=0 </msg>
<status status="PASS" starttime="20190610 17:05:18.766" endtime="20190610 17:05:18.766"></status>
</kw>
<status status="PASS" starttime="20190610 17:05:18.766" endtime="20190610 17:05:18.766"></status>
</kw>
<kw name="Send request and log response">
<kw name="Get Request" library="RequestsLibrary">
<doc>Send a GET request on the session object found using the
given `alias`</doc>
<arguments>
<arg>session</arg>
<arg>${GET_USERS_URI}</arg>
</arguments>
<assign>
<var>${response}</var>
</assign>
<msg timestamp="20190610 17:05:18.821" level="INFO">Get Request using : alias=session, uri=/api/users?page=2, headers=None json=None</msg>
<msg timestamp="20190610 17:05:18.821" level="INFO">c:\users\ryynapet\appdata\local\programs\python\python37-32\lib\site-packages\urllib3\connectionpool.py:847: InsecureRequestWarning: Unverified HTTPS request is being made. Adding certificate verification is strongly advised. See: https://urllib3.readthedocs.io/en/latest/advanced-usage.html#ssl-warnings
  InsecureRequestWarning)</msg>
<msg timestamp="20190610 17:05:18.822" level="INFO">${response} = &lt;Response [200]&gt;</msg>
<status status="PASS" starttime="20190610 17:05:18.767" endtime="20190610 17:05:18.822"></status>
</kw>
<kw name="Log" library="BuiltIn">
<doc>Logs the given message with the given level.</doc>
<arguments>
<arg>${response.status_code}</arg>
</arguments>
<msg timestamp="20190610 17:05:18.822" level="INFO">200</msg>
<status status="PASS" starttime="20190610 17:05:18.822" endtime="20190610 17:05:18.822"></status>
</kw>
<kw name="Log" library="BuiltIn">
<doc>Logs the given message with the given level.</doc>
<arguments>
<arg>${response.content}</arg>
</arguments>
<msg timestamp="20190610 17:05:18.823" level="INFO">{"page":2,"per_page":3,"total":12,"total_pages":4,"data":[{"id":4,"email":"eve.holt@reqres.in","first_name":"Eve","last_name":"Holt","avatar":"https://s3.amazonaws.com/uifaces/faces/twitter/marcoramires/128.jpg"},{"id":5,"email":"charles.morris@reqres.in","first_name":"Charles","last_name":"Morris","avatar":"https://s3.amazonaws.com/uifaces/faces/twitter/stephenmoon/128.jpg"},{"id":6,"email":"tracey.ramos@reqres.in","first_name":"Tracey","last_name":"Ramos","avatar":"https://s3.amazonaws.com/uifaces/faces/twitter/bigmancho/128.jpg"}]}</msg>
<status status="PASS" starttime="20190610 17:05:18.822" endtime="20190610 17:05:18.823"></status>
</kw>
<kw name="Set Suite Variable" library="BuiltIn">
<doc>Makes a variable available everywhere within the scope of the current suite.</doc>
<arguments>
<arg>${response}</arg>
<arg>${response}</arg>
</arguments>
<msg timestamp="20190610 17:05:18.823" level="INFO">${response} = &lt;Response [200]&gt;</msg>
<status status="PASS" starttime="20190610 17:05:18.823" endtime="20190610 17:05:18.823"></status>
</kw>
<status status="PASS" starttime="20190610 17:05:18.767" endtime="20190610 17:05:18.823"></status>
</kw>
<kw name="Validate response">
<kw name="To Json" library="RequestsLibrary">
<doc>Convert a string to a JSON object</doc>
<arguments>
<arg>${response.content}</arg>
</arguments>
<assign>
<var>${json_response}</var>
</assign>
<msg timestamp="20190610 17:05:18.824" level="INFO">To JSON using : content={"page":2,"per_page":3,"total":12,"total_pages":4,"data":[{"id":4,"email":"eve.holt@reqres.in","first_name":"Eve","last_name":"Holt","avatar":"https://s3.amazonaws.com/uifaces/faces/twitter/marcoramires/128.jpg"},{"id":5,"email":"charles.morris@reqres.in","first_name":"Charles","last_name":"Morris","avatar":"https://s3.amazonaws.com/uifaces/faces/twitter/stephenmoon/128.jpg"},{"id":6,"email":"tracey.ramos@reqres.in","first_name":"Tracey","last_name":"Ramos","avatar":"https://s3.amazonaws.com/uifaces/faces/twitter/bigmancho/128.jpg"}]} </msg>
<msg timestamp="20190610 17:05:18.824" level="INFO">To JSON using : pretty_print=False </msg>
<msg timestamp="20190610 17:05:18.824" level="INFO">${json_response} = {'page': 2, 'per_page': 3, 'total': 12, 'total_pages': 4, 'data': [{'id': 4, 'email': 'eve.holt@reqres.in', 'first_name': 'Eve', 'last_name': 'Holt', 'avatar': 'https://s3.amazonaws.com/uifaces/faces/...</msg>
<status status="PASS" starttime="20190610 17:05:18.824" endtime="20190610 17:05:18.824"></status>
</kw>
<kw name="Get Value From Json" library="JSONLibrary">
<doc>Get Value From JSON using JSONPath</doc>
<arguments>
<arg>${json_response}</arg>
<arg>$.data[0].first_name</arg>
</arguments>
<assign>
<var>@{first_name_list}</var>
</assign>
<msg timestamp="20190610 17:05:18.853" level="INFO">@{first_name_list} = [ Eve ]</msg>
<status status="PASS" starttime="20190610 17:05:18.824" endtime="20190610 17:05:18.853"></status>
</kw>
<kw name="Get From List" library="Collections">
<doc>Returns the value specified with an ``index`` from ``list``.</doc>
<arguments>
<arg>${first_name_list}</arg>
<arg>0</arg>
</arguments>
<assign>
<var>${first_name}</var>
</assign>
<msg timestamp="20190610 17:05:18.853" level="INFO">${first_name} = Eve</msg>
<status status="PASS" starttime="20190610 17:05:18.853" endtime="20190610 17:05:18.853"></status>
</kw>
<kw name="Should Be Equal" library="BuiltIn">
<doc>Fails if the given objects are unequal.</doc>
<arguments>
<arg>${first_name}</arg>
<arg>${expected_first_name}</arg>
</arguments>
<status status="PASS" starttime="20190610 17:05:18.853" endtime="20190610 17:05:18.853"></status>
</kw>
<kw name="Get Value From Json" library="JSONLibrary">
<doc>Get Value From JSON using JSONPath</doc>
<arguments>
<arg>${json_response}</arg>
<arg>$.data[0].last_name</arg>
</arguments>
<assign>
<var>@{lastname_list}</var>
</assign>
<msg timestamp="20190610 17:05:18.883" level="INFO">@{lastname_list} = [ Holt ]</msg>
<status status="PASS" starttime="20190610 17:05:18.853" endtime="20190610 17:05:18.884"></status>
</kw>
<kw name="Get From List" library="Collections">
<doc>Returns the value specified with an ``index`` from ``list``.</doc>
<arguments>
<arg>${lastname_list}</arg>
<arg>0</arg>
</arguments>
<assign>
<var>${lastname}</var>
</assign>
<msg timestamp="20190610 17:05:18.884" level="INFO">${lastname} = Holt</msg>
<status status="PASS" starttime="20190610 17:05:18.884" endtime="20190610 17:05:18.884"></status>
</kw>
<kw name="Should Be Equal" library="BuiltIn">
<doc>Fails if the given objects are unequal.</doc>
<arguments>
<arg>${lastname}</arg>
<arg>${expectes_last_name}</arg>
</arguments>
<status status="PASS" starttime="20190610 17:05:18.884" endtime="20190610 17:05:18.884"></status>
</kw>
<status status="PASS" starttime="20190610 17:05:18.824" endtime="20190610 17:05:18.884"></status>
</kw>
<status status="PASS" starttime="20190610 17:05:18.765" endtime="20190610 17:05:18.885" critical="yes"></status>
</test>
<status status="PASS" starttime="20190610 17:05:18.761" endtime="20190610 17:05:18.885"></status>
</suite>
<suite id="s1-s4" name="Get request with parameters" source="C:\Users\ryynapet\git\Rest_API_Testing_using_Robot_Framework\Rest_API_Testing_using_Robot_Framework\REST_API_Testing\Tests\Get_request_with_parameters.robot">
<test id="s1-s4-t1" name="Validate get request with parameters">
<kw name="Create Session" library="RequestsLibrary">
<doc>Create Session: create a HTTP session to a server</doc>
<arguments>
<arg>session</arg>
<arg>${BASE_URL}</arg>
</arguments>
<msg timestamp="20190610 17:05:18.891" level="INFO">Creating Session using : alias=session, url=https://reqres.in, headers={},                     cookies=None, auth=None, timeout=None, proxies=None, verify=False,                     debug=0 </msg>
<status status="PASS" starttime="20190610 17:05:18.891" endtime="20190610 17:05:18.891"></status>
</kw>
<kw name="Create Dictionary" library="BuiltIn">
<doc>Creates and returns a dictionary based on the given ``items``.</doc>
<arguments>
<arg>value=2</arg>
</arguments>
<assign>
<var>&amp;{parameters}</var>
</assign>
<msg timestamp="20190610 17:05:18.892" level="INFO">&amp;{parameters} = { value=2 }</msg>
<status status="PASS" starttime="20190610 17:05:18.892" endtime="20190610 17:05:18.892"></status>
</kw>
<kw name="Get Request" library="RequestsLibrary">
<doc>Send a GET request on the session object found using the
given `alias`</doc>
<arguments>
<arg>session</arg>
<arg>/api/users</arg>
<arg>${parameters}</arg>
</arguments>
<assign>
<var>${response}</var>
</assign>
<msg timestamp="20190610 17:05:18.932" level="INFO">Get Request using : alias=session, uri=/api/users, headers={'value': '2'} json=None</msg>
<msg timestamp="20190610 17:05:18.932" level="INFO">c:\users\ryynapet\appdata\local\programs\python\python37-32\lib\site-packages\urllib3\connectionpool.py:847: InsecureRequestWarning: Unverified HTTPS request is being made. Adding certificate verification is strongly advised. See: https://urllib3.readthedocs.io/en/latest/advanced-usage.html#ssl-warnings
  InsecureRequestWarning)</msg>
<msg timestamp="20190610 17:05:18.932" level="INFO">${response} = &lt;Response [200]&gt;</msg>
<status status="PASS" starttime="20190610 17:05:18.892" endtime="20190610 17:05:18.932"></status>
</kw>
<kw name="Log" library="BuiltIn">
<doc>Logs the given message with the given level.</doc>
<arguments>
<arg>${response.content}</arg>
</arguments>
<msg timestamp="20190610 17:05:18.933" level="INFO">{"page":1,"per_page":3,"total":12,"total_pages":4,"data":[{"id":1,"email":"george.bluth@reqres.in","first_name":"George","last_name":"Bluth","avatar":"https://s3.amazonaws.com/uifaces/faces/twitter/calebogden/128.jpg"},{"id":2,"email":"janet.weaver@reqres.in","first_name":"Janet","last_name":"Weaver","avatar":"https://s3.amazonaws.com/uifaces/faces/twitter/josephstein/128.jpg"},{"id":3,"email":"emma.wong@reqres.in","first_name":"Emma","last_name":"Wong","avatar":"https://s3.amazonaws.com/uifaces/faces/twitter/olegpogodaev/128.jpg"}]}</msg>
<status status="PASS" starttime="20190610 17:05:18.933" endtime="20190610 17:05:18.933"></status>
</kw>
<kw name="To Json" library="RequestsLibrary">
<doc>Convert a string to a JSON object</doc>
<arguments>
<arg>${response.content}</arg>
</arguments>
<assign>
<var>${json_response}</var>
</assign>
<msg timestamp="20190610 17:05:18.934" level="INFO">To JSON using : content={"page":1,"per_page":3,"total":12,"total_pages":4,"data":[{"id":1,"email":"george.bluth@reqres.in","first_name":"George","last_name":"Bluth","avatar":"https://s3.amazonaws.com/uifaces/faces/twitter/calebogden/128.jpg"},{"id":2,"email":"janet.weaver@reqres.in","first_name":"Janet","last_name":"Weaver","avatar":"https://s3.amazonaws.com/uifaces/faces/twitter/josephstein/128.jpg"},{"id":3,"email":"emma.wong@reqres.in","first_name":"Emma","last_name":"Wong","avatar":"https://s3.amazonaws.com/uifaces/faces/twitter/olegpogodaev/128.jpg"}]} </msg>
<msg timestamp="20190610 17:05:18.934" level="INFO">To JSON using : pretty_print=False </msg>
<msg timestamp="20190610 17:05:18.934" level="INFO">${json_response} = {'page': 1, 'per_page': 3, 'total': 12, 'total_pages': 4, 'data': [{'id': 1, 'email': 'george.bluth@reqres.in', 'first_name': 'George', 'last_name': 'Bluth', 'avatar': 'https://s3.amazonaws.com/uiface...</msg>
<status status="PASS" starttime="20190610 17:05:18.934" endtime="20190610 17:05:18.934"></status>
</kw>
<kw name="Get Value From Json" library="JSONLibrary">
<doc>Get Value From JSON using JSONPath</doc>
<arguments>
<arg>${json_response}</arg>
<arg>$.data[0].first_name</arg>
</arguments>
<assign>
<var>@{name_list}</var>
</assign>
<msg timestamp="20190610 17:05:18.959" level="INFO">@{name_list} = [ George ]</msg>
<status status="PASS" starttime="20190610 17:05:18.935" endtime="20190610 17:05:18.959"></status>
</kw>
<kw name="Get From List" library="Collections">
<doc>Returns the value specified with an ``index`` from ``list``.</doc>
<arguments>
<arg>${name_list}</arg>
<arg>0</arg>
</arguments>
<assign>
<var>${name}</var>
</assign>
<msg timestamp="20190610 17:05:18.960" level="INFO">${name} = George</msg>
<status status="PASS" starttime="20190610 17:05:18.960" endtime="20190610 17:05:18.960"></status>
</kw>
<kw name="Should Be Equal" library="BuiltIn">
<doc>Fails if the given objects are unequal.</doc>
<arguments>
<arg>${name}</arg>
<arg>George</arg>
</arguments>
<status status="PASS" starttime="20190610 17:05:18.960" endtime="20190610 17:05:18.960"></status>
</kw>
<status status="PASS" starttime="20190610 17:05:18.890" endtime="20190610 17:05:18.961" critical="yes"></status>
</test>
<status status="PASS" starttime="20190610 17:05:18.887" endtime="20190610 17:05:18.962"></status>
</suite>
<suite id="s1-s5" name="Post request" source="C:\Users\ryynapet\git\Rest_API_Testing_using_Robot_Framework\Rest_API_Testing_using_Robot_Framework\REST_API_Testing\Tests\Post_request.robot">
<test id="s1-s5-t1" name="Validate POST request">
<kw name="Create connection">
<kw name="Create Session" library="RequestsLibrary">
<doc>Create Session: create a HTTP session to a server</doc>
<arguments>
<arg>session</arg>
<arg>${BASE_URL}</arg>
</arguments>
<msg timestamp="20190610 17:05:18.967" level="INFO">Creating Session using : alias=session, url=https://reqres.in, headers={},                     cookies=None, auth=None, timeout=None, proxies=None, verify=False,                     debug=0 </msg>
<status status="PASS" starttime="20190610 17:05:18.967" endtime="20190610 17:05:18.968"></status>
</kw>
<status status="PASS" starttime="20190610 17:05:18.967" endtime="20190610 17:05:18.968"></status>
</kw>
<kw name="Get and send request">
<kw name="Get Binary File" library="OperatingSystem">
<doc>Returns the contents of a specified file.</doc>
<arguments>
<arg>${REQUESTS_FOLDER}/${request}</arg>
</arguments>
<assign>
<var>${request_body}</var>
</assign>
<msg timestamp="20190610 17:05:18.968" level="INFO" html="yes">Getting file '&lt;a href="file://C:\Users\ryynapet\git\Rest_API_Testing_using_Robot_Framework\Rest_API_Testing_using_Robot_Framework\REST_API_Testing\Requests\Post_request.json"&gt;C:\Users\ryynapet\git\Rest_API_Testing_using_Robot_Framework\Rest_API_Testing_using_Robot_Framework\REST_API_Testing\Requests\Post_request.json&lt;/a&gt;'.</msg>
<msg timestamp="20190610 17:05:18.969" level="INFO">${request_body} = {
    "name": "morpheus",
    "job": "leader"
}</msg>
<status status="PASS" starttime="20190610 17:05:18.968" endtime="20190610 17:05:18.969"></status>
</kw>
<kw name="Create Dictionary" library="BuiltIn">
<doc>Creates and returns a dictionary based on the given ``items``.</doc>
<arguments>
<arg>Content-Type=application/json</arg>
</arguments>
<assign>
<var>&amp;{header}</var>
</assign>
<msg timestamp="20190610 17:05:18.969" level="INFO">&amp;{header} = { Content-Type=application/json }</msg>
<status status="PASS" starttime="20190610 17:05:18.969" endtime="20190610 17:05:18.969"></status>
</kw>
<kw name="Post Request" library="RequestsLibrary">
<doc>Send a POST request on the session object found using the
given `alias`</doc>
<arguments>
<arg>session</arg>
<arg>${POST_URI}</arg>
<arg>${request_body}</arg>
</arguments>
<assign>
<var>${response}</var>
</assign>
<msg timestamp="20190610 17:05:19.094" level="INFO">Post Request using : alias=session, uri=/api/users, data=&lt;empty&gt;, headers=None, files=None, allow_redirects=True </msg>
<msg timestamp="20190610 17:05:19.094" level="INFO">c:\users\ryynapet\appdata\local\programs\python\python37-32\lib\site-packages\urllib3\connectionpool.py:847: InsecureRequestWarning: Unverified HTTPS request is being made. Adding certificate verification is strongly advised. See: https://urllib3.readthedocs.io/en/latest/advanced-usage.html#ssl-warnings
  InsecureRequestWarning)</msg>
<msg timestamp="20190610 17:05:19.096" level="INFO">${response} = &lt;Response [201]&gt;</msg>
<status status="PASS" starttime="20190610 17:05:18.969" endtime="20190610 17:05:19.096"></status>
</kw>
<kw name="Set Suite Variable" library="BuiltIn">
<doc>Makes a variable available everywhere within the scope of the current suite.</doc>
<arguments>
<arg>${response}</arg>
<arg>${response}</arg>
</arguments>
<msg timestamp="20190610 17:05:19.096" level="INFO">${response} = &lt;Response [201]&gt;</msg>
<status status="PASS" starttime="20190610 17:05:19.096" endtime="20190610 17:05:19.096"></status>
</kw>
<status status="PASS" starttime="20190610 17:05:18.968" endtime="20190610 17:05:19.096"></status>
</kw>
<kw name="Validate and log response">
<kw name="Log" library="BuiltIn">
<doc>Logs the given message with the given level.</doc>
<arguments>
<arg>${response.content}</arg>
</arguments>
<msg timestamp="20190610 17:05:19.097" level="INFO">{"id":"897","createdAt":"2019-06-10T14:05:19.093Z"}</msg>
<status status="PASS" starttime="20190610 17:05:19.097" endtime="20190610 17:05:19.097"></status>
</kw>
<kw name="Should Be Equal As Strings" library="BuiltIn">
<doc>Fails if objects are unequal after converting them to strings.</doc>
<arguments>
<arg>${response.status_code}</arg>
<arg>201</arg>
</arguments>
<msg timestamp="20190610 17:05:19.097" level="INFO">Argument types are:
&lt;class 'int'&gt;
&lt;type 'unicode'&gt;</msg>
<status status="PASS" starttime="20190610 17:05:19.097" endtime="20190610 17:05:19.097"></status>
</kw>
<kw name="Should Contain" library="BuiltIn">
<doc>Fails if ``container`` does not contain ``item`` one or more times.</doc>
<arguments>
<arg>${response.text}</arg>
<arg>createdAt</arg>
</arguments>
<status status="PASS" starttime="20190610 17:05:19.097" endtime="20190610 17:05:19.098"></status>
</kw>
<kw name="Should Contain" library="BuiltIn">
<doc>Fails if ``container`` does not contain ``item`` one or more times.</doc>
<arguments>
<arg>${response.text}</arg>
<arg>id</arg>
</arguments>
<status status="PASS" starttime="20190610 17:05:19.098" endtime="20190610 17:05:19.098"></status>
</kw>
<status status="PASS" starttime="20190610 17:05:19.096" endtime="20190610 17:05:19.098"></status>
</kw>
<kw name="Save response to file">
<kw name="To Json" library="RequestsLibrary">
<doc>Convert a string to a JSON object</doc>
<arguments>
<arg>${response.text}</arg>
<arg>true</arg>
</arguments>
<assign>
<var>${pretty_printed_response}</var>
</assign>
<msg timestamp="20190610 17:05:19.099" level="INFO">To JSON using : content={"id":"897","createdAt":"2019-06-10T14:05:19.093Z"} </msg>
<msg timestamp="20190610 17:05:19.099" level="INFO">To JSON using : pretty_print=True </msg>
<msg timestamp="20190610 17:05:19.099" level="INFO">${pretty_printed_response} = {
    "createdAt": "2019-06-10T14:05:19.093Z",
    "id": "897"
}</msg>
<status status="PASS" starttime="20190610 17:05:19.098" endtime="20190610 17:05:19.099"></status>
</kw>
<kw name="Create Binary File" library="OperatingSystem">
<doc>Creates a binary file with the given content.</doc>
<arguments>
<arg>${RESPONSES_FOLDER}/${response_file}</arg>
<arg>${pretty_printed_response}</arg>
</arguments>
<msg timestamp="20190610 17:05:19.100" level="INFO" html="yes">Created binary file '&lt;a href="file://C:\Users\ryynapet\git\Rest_API_Testing_using_Robot_Framework\Rest_API_Testing_using_Robot_Framework\REST_API_Testing\Responses\Post_response.json"&gt;C:\Users\ryynapet\git\Rest_API_Testing_using_Robot_Framework\Rest_API_Testing_using_Robot_Framework\REST_API_Testing\Responses\Post_response.json&lt;/a&gt;'.</msg>
<status status="PASS" starttime="20190610 17:05:19.099" endtime="20190610 17:05:19.100"></status>
</kw>
<status status="PASS" starttime="20190610 17:05:19.098" endtime="20190610 17:05:19.100"></status>
</kw>
<status status="PASS" starttime="20190610 17:05:18.967" endtime="20190610 17:05:19.100" critical="yes"></status>
</test>
<status status="PASS" starttime="20190610 17:05:18.963" endtime="20190610 17:05:19.101"></status>
</suite>
<suite id="s1-s6" name="Put request" source="C:\Users\ryynapet\git\Rest_API_Testing_using_Robot_Framework\Rest_API_Testing_using_Robot_Framework\REST_API_Testing\Tests\Put_request.robot">
<test id="s1-s6-t1" name="Validate PUT request">
<kw name="Create connection">
<kw name="Create Session" library="RequestsLibrary">
<doc>Create Session: create a HTTP session to a server</doc>
<arguments>
<arg>session</arg>
<arg>${BASE_URL}</arg>
</arguments>
<msg timestamp="20190610 17:05:19.107" level="INFO">Creating Session using : alias=session, url=https://reqres.in, headers={},                     cookies=None, auth=None, timeout=None, proxies=None, verify=False,                     debug=0 </msg>
<status status="PASS" starttime="20190610 17:05:19.107" endtime="20190610 17:05:19.108"></status>
</kw>
<status status="PASS" starttime="20190610 17:05:19.107" endtime="20190610 17:05:19.108"></status>
</kw>
<kw name="Get and send request">
<kw name="Get Binary File" library="OperatingSystem">
<doc>Returns the contents of a specified file.</doc>
<arguments>
<arg>${request_folder}/${request_file}</arg>
</arguments>
<assign>
<var>${request_body}</var>
</assign>
<msg timestamp="20190610 17:05:19.109" level="INFO" html="yes">Getting file '&lt;a href="file://C:\Users\ryynapet\git\Rest_API_Testing_using_Robot_Framework\Rest_API_Testing_using_Robot_Framework\REST_API_Testing\Requests\Put_request.json"&gt;C:\Users\ryynapet\git\Rest_API_Testing_using_Robot_Framework\Rest_API_Testing_using_Robot_Framework\REST_API_Testing\Requests\Put_request.json&lt;/a&gt;'.</msg>
<msg timestamp="20190610 17:05:19.109" level="INFO">${request_body} = {
    "name": "morpheus",
    "job": "zion resident"
}</msg>
<status status="PASS" starttime="20190610 17:05:19.109" endtime="20190610 17:05:19.109"></status>
</kw>
<kw name="Create Dictionary" library="BuiltIn">
<doc>Creates and returns a dictionary based on the given ``items``.</doc>
<arguments>
<arg>Content-Type=application/json</arg>
</arguments>
<assign>
<var>&amp;{header}</var>
</assign>
<msg timestamp="20190610 17:05:19.110" level="INFO">&amp;{header} = { Content-Type=application/json }</msg>
<status status="PASS" starttime="20190610 17:05:19.110" endtime="20190610 17:05:19.110"></status>
</kw>
<kw name="Put Request" library="RequestsLibrary">
<doc>Send a PUT request on the session object found using the
given `alias`</doc>
<arguments>
<arg>session</arg>
<arg>${PUT_URI}</arg>
<arg>${request_body}</arg>
</arguments>
<assign>
<var>${response}</var>
</assign>
<msg timestamp="20190610 17:05:19.251" level="INFO">Put Request using : alias=session, uri=/api/users/2, data={
    "name": "morpheus",
    "job": "zion resident"
},                     headers=None, allow_redirects=True </msg>
<msg timestamp="20190610 17:05:19.252" level="INFO">c:\users\ryynapet\appdata\local\programs\python\python37-32\lib\site-packages\urllib3\connectionpool.py:847: InsecureRequestWarning: Unverified HTTPS request is being made. Adding certificate verification is strongly advised. See: https://urllib3.readthedocs.io/en/latest/advanced-usage.html#ssl-warnings
  InsecureRequestWarning)</msg>
<msg timestamp="20190610 17:05:19.253" level="INFO">${response} = &lt;Response [200]&gt;</msg>
<status status="PASS" starttime="20190610 17:05:19.110" endtime="20190610 17:05:19.253"></status>
</kw>
<kw name="Set Suite Variable" library="BuiltIn">
<doc>Makes a variable available everywhere within the scope of the current suite.</doc>
<arguments>
<arg>${response}</arg>
<arg>${response}</arg>
</arguments>
<msg timestamp="20190610 17:05:19.255" level="INFO">${response} = &lt;Response [200]&gt;</msg>
<status status="PASS" starttime="20190610 17:05:19.254" endtime="20190610 17:05:19.255"></status>
</kw>
<status status="PASS" starttime="20190610 17:05:19.109" endtime="20190610 17:05:19.256"></status>
</kw>
<kw name="Validate and log response">
<kw name="Log" library="BuiltIn">
<doc>Logs the given message with the given level.</doc>
<arguments>
<arg>${response.content}</arg>
</arguments>
<msg timestamp="20190610 17:05:19.259" level="INFO">{"updatedAt":"2019-06-10T14:05:19.242Z"}</msg>
<status status="PASS" starttime="20190610 17:05:19.258" endtime="20190610 17:05:19.259"></status>
</kw>
<kw name="Should Be Equal As Strings" library="BuiltIn">
<doc>Fails if objects are unequal after converting them to strings.</doc>
<arguments>
<arg>${response.status_code}</arg>
<arg>200</arg>
</arguments>
<msg timestamp="20190610 17:05:19.261" level="INFO">Argument types are:
&lt;class 'int'&gt;
&lt;type 'unicode'&gt;</msg>
<status status="PASS" starttime="20190610 17:05:19.260" endtime="20190610 17:05:19.261"></status>
</kw>
<kw name="Should Contain" library="BuiltIn">
<doc>Fails if ``container`` does not contain ``item`` one or more times.</doc>
<arguments>
<arg>${response.text}</arg>
<arg>updatedAt</arg>
</arguments>
<status status="PASS" starttime="20190610 17:05:19.261" endtime="20190610 17:05:19.262"></status>
</kw>
<status status="PASS" starttime="20190610 17:05:19.257" endtime="20190610 17:05:19.262"></status>
</kw>
<kw name="Save response to file">
<kw name="To Json" library="RequestsLibrary">
<doc>Convert a string to a JSON object</doc>
<arguments>
<arg>${response.text}</arg>
<arg>true</arg>
</arguments>
<assign>
<var>${pretty_printed_response}</var>
</assign>
<msg timestamp="20190610 17:05:19.264" level="INFO">To JSON using : content={"updatedAt":"2019-06-10T14:05:19.242Z"} </msg>
<msg timestamp="20190610 17:05:19.264" level="INFO">To JSON using : pretty_print=True </msg>
<msg timestamp="20190610 17:05:19.264" level="INFO">${pretty_printed_response} = {
    "updatedAt": "2019-06-10T14:05:19.242Z"
}</msg>
<status status="PASS" starttime="20190610 17:05:19.263" endtime="20190610 17:05:19.264"></status>
</kw>
<kw name="Create Binary File" library="OperatingSystem">
<doc>Creates a binary file with the given content.</doc>
<arguments>
<arg>${response_folder}/Put_response.json</arg>
<arg>${pretty_printed_response}</arg>
</arguments>
<msg timestamp="20190610 17:05:19.265" level="INFO" html="yes">Created binary file '&lt;a href="file://C:\Users\ryynapet\git\Rest_API_Testing_using_Robot_Framework\Rest_API_Testing_using_Robot_Framework\REST_API_Testing\Response\Put_response.json"&gt;C:\Users\ryynapet\git\Rest_API_Testing_using_Robot_Framework\Rest_API_Testing_using_Robot_Framework\REST_API_Testing\Response\Put_response.json&lt;/a&gt;'.</msg>
<status status="PASS" starttime="20190610 17:05:19.264" endtime="20190610 17:05:19.265"></status>
</kw>
<status status="PASS" starttime="20190610 17:05:19.263" endtime="20190610 17:05:19.265"></status>
</kw>
<status status="PASS" starttime="20190610 17:05:19.106" endtime="20190610 17:05:19.265" critical="yes"></status>
</test>
<status status="PASS" starttime="20190610 17:05:19.103" endtime="20190610 17:05:19.266"></status>
</suite>
<status status="PASS" starttime="20190610 17:05:18.220" endtime="20190610 17:05:19.267"></status>
</suite>
<statistics>
<total>
<stat pass="6" fail="0">Critical Tests</stat>
<stat pass="6" fail="0">All Tests</stat>
</total>
<tag>
</tag>
<suite>
<stat pass="6" fail="0" id="s1" name="Tests">Tests</stat>
<stat pass="1" fail="0" id="s1-s1" name="Delete request">Tests.Delete request</stat>
<stat pass="1" fail="0" id="s1-s2" name="Get request">Tests.Get request</stat>
<stat pass="1" fail="0" id="s1-s3" name="Get request specific person">Tests.Get request specific person</stat>
<stat pass="1" fail="0" id="s1-s4" name="Get request with parameters">Tests.Get request with parameters</stat>
<stat pass="1" fail="0" id="s1-s5" name="Post request">Tests.Post request</stat>
<stat pass="1" fail="0" id="s1-s6" name="Put request">Tests.Put request</stat>
</suite>
</statistics>
<errors>
</errors>
</robot>
